<?xml version="1.0" encoding="UTF-8"?>
<!-- Generated by org.testng.reporters.JUnitXMLReporter -->
<testsuite hostname="HDC2-D-6Y6HXH2" ignored="1" name="Default test" tests="3" failures="0" timestamp="28 Jan 2020 10:08:28 GMT" time="49.486" errors="0">
  <testcase name="testLogin" time="21.903" classname="testmeapp.OnlineShoppingTest"/>
  <testcase name="testCart" time="2.411" classname="testmeapp.OnlineShoppingTest"/>
  <testcase name="testPayment" time="6.456" classname="testmeapp.OnlineShoppingTest"/>
  <testcase name="testRegistration" time="0.0" classname="testmeapp.OnlineShoppingTest">
    <ignored/>
  </testcase> <!-- testRegistration -->
</testsuite> <!-- Default test -->
