<?xml version="1.0" encoding="UTF-8" ?>
<testsuite tests="2" failures="0" name="batchTest.TestRunner" time="201.809" errors="0" skipped="2">
  <properties>
[...]
</properties>
  <testcase classname="Pixel store pos" name="Sales executive signIn" time="124.786">
    <skipped/>
    <system-err>Jan 29, 2020 5:09:04 PM io.cucumber.junit.Cucumber &lt;init&gt;
WARNING: By default Cucumber is running in --non-strict mode.
This default will change to --strict and --non-strict will be removed.
You can use --strict or @CucumberOptions(strict = true) to suppress this warning
Starting ChromeDriver 79.0.3945.36 (3582db32b33893869b8c1339e8f4d9ed1816f143-refs/branch-heads/3945@{#614}) on port 27152
Only local connections are allowed.
Please protect ports used by ChromeDriver and related test frameworks to prevent access by malicious code.
[1580297963.540][WARNING]: Timed out connecting to Chrome, retrying...
Jan 29, 2020 5:09:32 PM org.openqa.selenium.remote.ProtocolHandshake createSession
INFO: Detected dialect: W3C
[1580297974.593][WARNING]: Timed out connecting to Chrome, retrying...
</system-err>
  </testcase>
  <testcase classname="Pixel store pos" name="Sales executive signIn" time="77.023">
    <skipped/>
    <system-err>Starting ChromeDriver 79.0.3945.36 (3582db32b33893869b8c1339e8f4d9ed1816f143-refs/branch-heads/3945@{#614}) on port 42009
Only local connections are allowed.
Please protect ports used by ChromeDriver and related test frameworks to prevent access by malicious code.
[1580298080.245][WARNING]: Timed out connecting to Chrome, retrying...
Jan 29, 2020 5:11:22 PM org.openqa.selenium.remote.ProtocolHandshake createSession
INFO: Detected dialect: W3C
[1580298084.274][WARNING]: Timed out connecting to Chrome, retrying...
</system-err>
  </testcase>
</testsuite>